#
# A fatal error has been detected by the Java Runtime Environment:
#
#  EXCEPTION_ACCESS_VIOLATION (0xc0000005) at pc=0x000000005556a9b2, pid=16808, tid=0x0000000000001df4
#
# JRE version: OpenJDK Runtime Environment (8.0_152-b01) (build 1.8.0_152-release-1248-b01)
# Java VM: OpenJDK 64-Bit Server VM (25.152-b01 mixed mode windows-amd64 compressed oops)
# Problematic frame:
# V  [jvm.dll+0x8a9b2]
#
# Failed to write core dump. Minidumps are not enabled by default on client versions of Windows
#
# If you would like to submit a bug report, please visit:
#   http://bugreport.java.com/bugreport/crash.jsp
#

---------------  T H R E A D  ---------------

Current thread (0x0000000002587800):  GCTaskThread [stack: 0x0000000011fa0000,0x00000000120a0000] [id=7668]

siginfo: ExceptionCode=0xc0000005, reading address 0x00000000000000e8

Registers:
RAX=0x0000000000000000, RBX=0x00000000e1583c00, RCX=0x00000001004fcec8, RDX=0x00000000e1583c00
RSP=0x000000001209f9a8, RBP=0x0000000011a91801, RSI=0x0000000016004040, RDI=0x00000000a02f8890
R8 =0x0000000000000000, R9 =0x00000001004fcec8, R10=0x0000000000000008, R11=0x00000000e6e24e98
R12=0x0000000011a917c1, R13=0x0000000000000005, R14=0x0000000000000000, R15=0x00000000025835e0
RIP=0x000000005556a9b2, EFLAGS=0x0000000000010246

Top of Stack: (sp=0x000000001209f9a8)
0x000000001209f9a8:   00000000558aca32 00000000e15840a8
0x000000001209f9b8:   0000000000000005 0000000016004040
0x000000001209f9c8:   00000000a10e1b60 00000000e6e1cea8
0x000000001209f9d8:   0000000000001000 0000000016004040
0x000000001209f9e8:   0000000055743ab1 0000000000000000
0x000000001209f9f8:   0000000016004000 0000000011a917c1
0x000000001209fa08:   00000000558acda0 00000000e6d49674
0x000000001209fa18:   0000000011a91801 0000000016004040
0x000000001209fa28:   00000000a02f8890 00000000e6d49674
0x000000001209fa38:   00000000558ad945 00000000e15ee888
0x000000001209fa48:   0000000011a91801 0000000016004040
0x000000001209fa58:   0000000000000002 0000000016004040
0x000000001209fa68:   00000000558a96f5 00000000a02b4024
0x000000001209fa78:   00000000555cf747 00000000a02b4594
0x000000001209fa88:   00000000555cd903 00000000a02b4591
0x000000001209fa98:   00000000a02b4591 00000000a02f8644 

Instructions: (pc=0x000000005556a9b2)
0x000000005556a992:   e2 49 8d 0c 11 49 f7 d1 48 03 c1 49 c1 e9 03 48
0x000000005556a9a2:   c1 e8 03 41 23 c1 c3 48 8b 02 48 8b d1 49 8b c9
0x000000005556a9b2:   48 ff a0 e8 00 00 00 cc cc cc cc cc cc cc 80 3d
0x000000005556a9c2:   3a 10 73 00 00 48 8b c1 74 1b 8b 51 08 8b 0d 83 


Register to memory mapping:

RAX=0x0000000000000000 is an unknown value
RBX=0x00000000e1583c00 is an oop

[error occurred during error reporting (printing register info), id 0xc0000005]

Stack: [0x0000000011fa0000,0x00000000120a0000],  sp=0x000000001209f9a8,  free space=1022k
Native frames: (J=compiled Java code, j=interpreted, Vv=VM code, C=native code)
V  [jvm.dll+0x8a9b2]


---------------  P R O C E S S  ---------------

Java Threads: ( => current thread )
  0x000000001d359000 JavaThread "RMI RenewClean-[127.0.0.1:1559,org.jetbrains.kotlin.daemon.common.LoopbackNetworkInterface$ClientLoopbackSocketFactory@490aeda4]" daemon [_thread_blocked, id=6368, stack(0x000000001eb00000,0x000000001ec00000)]
  0x000000001d35a800 JavaThread "RMI TCP Connection(4)-127.0.0.1" daemon [_thread_blocked, id=17120, stack(0x000000001c040000,0x000000001c140000)]
  0x0000000018216000 JavaThread "RMI RenewClean-[127.0.0.1:1559,org.jetbrains.kotlin.daemon.common.LoopbackNetworkInterface$ClientLoopbackSocketFactory@17fee7eb]" daemon [_thread_blocked, id=6900, stack(0x00000000191a0000,0x00000000192a0000)]
  0x0000000018199800 JavaThread "RMI TCP Connection(3)-127.0.0.1" daemon [_thread_in_native, id=17296, stack(0x00000000190a0000,0x00000000191a0000)]
  0x0000000018155800 JavaThread "RMI Scheduler(0)" daemon [_thread_blocked, id=14616, stack(0x0000000018fa0000,0x00000000190a0000)]
  0x000000001821c000 JavaThread "RMI TCP Connection(1)-127.0.0.1" daemon [_thread_in_native, id=2712, stack(0x0000000018ea0000,0x0000000018fa0000)]
  0x0000000002572800 JavaThread "DestroyJavaVM" [_thread_blocked, id=13276, stack(0x0000000000970000,0x0000000000a70000)]
  0x0000000018159800 JavaThread "GC Daemon" daemon [_thread_blocked, id=11024, stack(0x0000000018cf0000,0x0000000018df0000)]
  0x000000001814b000 JavaThread "RMI Reaper" [_thread_blocked, id=8152, stack(0x00000000189f0000,0x0000000018af0000)]
  0x000000001810c800 JavaThread "Timer-0" daemon [_thread_blocked, id=16080, stack(0x00000000187f0000,0x00000000188f0000)]
  0x0000000018109800 JavaThread "RMI TCP Accept-17199" daemon [_thread_in_native, id=16768, stack(0x00000000186f0000,0x00000000187f0000)]
  0x0000000017470800 JavaThread "Service Thread" daemon [_thread_blocked, id=2108, stack(0x0000000017cf0000,0x0000000017df0000)]
  0x00000000173fb800 JavaThread "C1 CompilerThread2" daemon [_thread_blocked, id=9944, stack(0x0000000017bf0000,0x0000000017cf0000)]
  0x000000001609d000 JavaThread "C2 CompilerThread1" daemon [_thread_blocked, id=8492, stack(0x0000000017af0000,0x0000000017bf0000)]
  0x0000000016099000 JavaThread "C2 CompilerThread0" daemon [_thread_blocked, id=532, stack(0x00000000179f0000,0x0000000017af0000)]
  0x00000000173f8800 JavaThread "Attach Listener" daemon [_thread_blocked, id=16396, stack(0x00000000178f0000,0x00000000179f0000)]
  0x000000001604f000 JavaThread "Signal Dispatcher" daemon [_thread_blocked, id=4328, stack(0x00000000177f0000,0x00000000178f0000)]
  0x000000000266c000 JavaThread "Finalizer" daemon [_thread_blocked, id=16420, stack(0x0000000017290000,0x0000000017390000)]
  0x0000000002663000 JavaThread "Reference Handler" daemon [_thread_blocked, id=8876, stack(0x0000000017190000,0x0000000017290000)]

Other Threads:
  0x0000000016007000 VMThread [stack: 0x0000000017090000,0x0000000017190000] [id=14704]
  0x0000000017485800 WatcherThread [stack: 0x0000000017df0000,0x0000000017ef0000] [id=16224]

=>0x0000000002587800 (exited) GCTaskThread [stack: 0x0000000011fa0000,0x00000000120a0000] [id=7668]

VM state:at safepoint (normal execution)

VM Mutex/Monitor currently owned by a thread:  ([mutex/lock_event])
[0x00000000026cd8f0] Threads_lock - owner thread: 0x0000000016007000
[0x00000000026ce1f0] Heap_lock - owner thread: 0x000000001d35a800

Heap:
 PSYoungGen      total 104960K, used 104949K [0x00000000e0000000, 0x00000000eb180000, 0x0000000100000000)
  eden space 97280K, 100% used [0x00000000e0000000,0x00000000e5f00000,0x00000000e5f00000)
  from space 7680K, 99% used [0x00000000e7500000,0x00000000e7c7d430,0x00000000e7c80000)
  to   space 22528K, 85% used [0x00000000e5f00000,0x00000000e71d84c0,0x00000000e7500000)
 ParOldGen       total 146432K, used 33835K [0x00000000a0000000, 0x00000000a8f00000, 0x00000000e0000000)
  object space 146432K, 23% used [0x00000000a0000000,0x00000000a210ac18,0x00000000a8f00000)
 Metaspace       used 54825K, capacity 56013K, committed 56408K, reserved 1097728K
  class space    used 6914K, capacity 7219K, committed 7296K, reserved 1048576K

Card table byte_map: [0x0000000011a90000,0x0000000011da0000] byte_map_base: 0x0000000011590000

Marking Bits: (ParMarkBitMap*) 0x0000000055ca5aa0
 Begin Bits: [0x00000000123a0000, 0x0000000013ba0000)
 End Bits:   [0x0000000013ba0000, 0x00000000153a0000)

Polling page: 0x0000000000420000

CodeCache: size=245760Kb used=17518Kb max_used=17518Kb free=228241Kb
 bounds [0x00000000026d0000, 0x0000000003800000, 0x00000000116d0000]
 total_blobs=5892 nmethods=5355 adapters=449
 compilation: enabled

Compilation events (10 events):
Event: 17.984 Thread 0x00000000173fb800 5982       3       org.jetbrains.kotlin.protobuf.UnmodifiableLazyStringList::get (6 bytes)
Event: 17.984 Thread 0x0000000016099000 nmethod 5977 0x0000000003416610 code [0x0000000003416780, 0x00000000034169d8]
Event: 17.984 Thread 0x00000000173fb800 nmethod 5982 0x0000000003416010 code [0x0000000003416180, 0x00000000034164e8]
Event: 17.984 Thread 0x0000000016099000 5980       4       org.jetbrains.kotlin.metadata.ProtoBuf$Function::hasContract (20 bytes)
Event: 17.984 Thread 0x0000000016099000 nmethod 5980 0x0000000002cce9d0 code [0x0000000002cceb00, 0x0000000002cceb78]
Event: 17.987 Thread 0x00000000173fb800 5983   !   3       sun.net.www.ParseUtil::decode (316 bytes)
Event: 17.987 Thread 0x0000000016099000 5984       4       java.io.WinNTFileSystem::normalize (231 bytes)
Event: 17.990 Thread 0x00000000173fb800 nmethod 5983 0x0000000002ca9f50 code [0x0000000002caa480, 0x0000000002cadea8]
Event: 17.990 Thread 0x00000000173fb800 5985       3       org.jetbrains.kotlin.metadata.ProtoBuf$Constructor::isInitialized (73 bytes)
Event: 17.991 Thread 0x00000000173fb800 nmethod 5985 0x00000000034173d0 code [0x00000000034175a0, 0x0000000003417f78]

GC Heap History (10 events):
Event: 2.280 GC heap after
Heap after GC invocations=5 (full 2):
 PSYoungGen      total 56832K, used 0K [0x00000000e0000000, 0x00000000e6f00000, 0x0000000100000000)
  eden space 49152K, 0% used [0x00000000e0000000,0x00000000e0000000,0x00000000e3000000)
  from space 7680K, 0% used [0x00000000e3000000,0x00000000e3000000,0x00000000e3780000)
  to   space 7680K, 0% used [0x00000000e6780000,0x00000000e6780000,0x00000000e6f00000)
 ParOldGen       total 87040K, used 9451K [0x00000000a0000000, 0x00000000a5500000, 0x00000000e0000000)
  object space 87040K, 10% used [0x00000000a0000000,0x00000000a093ad90,0x00000000a5500000)
 Metaspace       used 20725K, capacity 21122K, committed 21248K, reserved 1069056K
  class space    used 2452K, capacity 2545K, committed 2560K, reserved 1048576K
}
Event: 3.324 GC heap before
{Heap before GC invocations=6 (full 2):
 PSYoungGen      total 56832K, used 49152K [0x00000000e0000000, 0x00000000e6f00000, 0x0000000100000000)
  eden space 49152K, 100% used [0x00000000e0000000,0x00000000e3000000,0x00000000e3000000)
  from space 7680K, 0% used [0x00000000e3000000,0x00000000e3000000,0x00000000e3780000)
  to   space 7680K, 0% used [0x00000000e6780000,0x00000000e6780000,0x00000000e6f00000)
 ParOldGen       total 87040K, used 9451K [0x00000000a0000000, 0x00000000a5500000, 0x00000000e0000000)
  object space 87040K, 10% used [0x00000000a0000000,0x00000000a093ad90,0x00000000a5500000)
 Metaspace       used 28927K, capacity 29520K, committed 29824K, reserved 1075200K
  class space    used 3748K, capacity 3930K, committed 3968K, reserved 1048576K
Event: 3.346 GC heap after
Heap after GC invocations=6 (full 2):
 PSYoungGen      total 81920K, used 7677K [0x00000000e0000000, 0x00000000e6f00000, 0x0000000100000000)
  eden space 74240K, 0% used [0x00000000e0000000,0x00000000e0000000,0x00000000e4880000)
  from space 7680K, 99% used [0x00000000e6780000,0x00000000e6eff5c0,0x00000000e6f00000)
  to   space 7680K, 0% used [0x00000000e6000000,0x00000000e6000000,0x00000000e6780000)
 ParOldGen       total 87040K, used 13283K [0x00000000a0000000, 0x00000000a5500000, 0x00000000e0000000)
  object space 87040K, 15% used [0x00000000a0000000,0x00000000a0cf8f90,0x00000000a5500000)
 Metaspace       used 28927K, capacity 29520K, committed 29824K, reserved 1075200K
  class space    used 3748K, capacity 3930K, committed 3968K, reserved 1048576K
}
Event: 4.158 GC heap before
{Heap before GC invocations=7 (full 2):
 PSYoungGen      total 81920K, used 49562K [0x00000000e0000000, 0x00000000e6f00000, 0x0000000100000000)
  eden space 74240K, 56% used [0x00000000e0000000,0x00000000e28e73a0,0x00000000e4880000)
  from space 7680K, 99% used [0x00000000e6780000,0x00000000e6eff5c0,0x00000000e6f00000)
  to   space 7680K, 0% used [0x00000000e6000000,0x00000000e6000000,0x00000000e6780000)
 ParOldGen       total 87040K, used 13283K [0x00000000a0000000, 0x00000000a5500000, 0x00000000e0000000)
  object space 87040K, 15% used [0x00000000a0000000,0x00000000a0cf8f90,0x00000000a5500000)
 Metaspace       used 34706K, capacity 35198K, committed 35416K, reserved 1079296K
  class space    used 4490K, capacity 4643K, committed 4736K, reserved 1048576K
Event: 4.175 GC heap after
Heap after GC invocations=7 (full 2):
 PSYoungGen      total 105984K, used 7666K [0x00000000e0000000, 0x00000000e7c80000, 0x0000000100000000)
  eden space 98304K, 0% used [0x00000000e0000000,0x00000000e0000000,0x00000000e6000000)
  from space 7680K, 99% used [0x00000000e6000000,0x00000000e677cb48,0x00000000e6780000)
  to   space 7680K, 0% used [0x00000000e7500000,0x00000000e7500000,0x00000000e7c80000)
 ParOldGen       total 87040K, used 20348K [0x00000000a0000000, 0x00000000a5500000, 0x00000000e0000000)
  object space 87040K, 23% used [0x00000000a0000000,0x00000000a13df008,0x00000000a5500000)
 Metaspace       used 34706K, capacity 35198K, committed 35416K, reserved 1079296K
  class space    used 4490K, capacity 4643K, committed 4736K, reserved 1048576K
}
Event: 4.175 GC heap before
{Heap before GC invocations=8 (full 3):
 PSYoungGen      total 105984K, used 7666K [0x00000000e0000000, 0x00000000e7c80000, 0x0000000100000000)
  eden space 98304K, 0% used [0x00000000e0000000,0x00000000e0000000,0x00000000e6000000)
  from space 7680K, 99% used [0x00000000e6000000,0x00000000e677cb48,0x00000000e6780000)
  to   space 7680K, 0% used [0x00000000e7500000,0x00000000e7500000,0x00000000e7c80000)
 ParOldGen       total 87040K, used 20348K [0x00000000a0000000, 0x00000000a5500000, 0x00000000e0000000)
  object space 87040K, 23% used [0x00000000a0000000,0x00000000a13df008,0x00000000a5500000)
 Metaspace       used 34706K, capacity 35198K, committed 35416K, reserved 1079296K
  class space    used 4490K, capacity 4643K, committed 4736K, reserved 1048576K
Event: 4.255 GC heap after
Heap after GC invocations=8 (full 3):
 PSYoungGen      total 105984K, used 0K [0x00000000e0000000, 0x00000000e7c80000, 0x0000000100000000)
  eden space 98304K, 0% used [0x00000000e0000000,0x00000000e0000000,0x00000000e6000000)
  from space 7680K, 0% used [0x00000000e6000000,0x00000000e6000000,0x00000000e6780000)
  to   space 7680K, 0% used [0x00000000e7500000,0x00000000e7500000,0x00000000e7c80000)
 ParOldGen       total 146432K, used 20817K [0x00000000a0000000, 0x00000000a8f00000, 0x00000000e0000000)
  object space 146432K, 14% used [0x00000000a0000000,0x00000000a14547a0,0x00000000a8f00000)
 Metaspace       used 34706K, capacity 35198K, committed 35416K, reserved 1079296K
  class space    used 4490K, capacity 4643K, committed 4736K, reserved 1048576K
}
Event: 6.362 GC heap before
{Heap before GC invocations=9 (full 3):
 PSYoungGen      total 105984K, used 98304K [0x00000000e0000000, 0x00000000e7c80000, 0x0000000100000000)
  eden space 98304K, 100% used [0x00000000e0000000,0x00000000e6000000,0x00000000e6000000)
  from space 7680K, 0% used [0x00000000e6000000,0x00000000e6000000,0x00000000e6780000)
  to   space 7680K, 0% used [0x00000000e7500000,0x00000000e7500000,0x00000000e7c80000)
 ParOldGen       total 146432K, used 20817K [0x00000000a0000000, 0x00000000a8f00000, 0x00000000e0000000)
  object space 146432K, 14% used [0x00000000a0000000,0x00000000a14547a0,0x00000000a8f00000)
 Metaspace       used 43092K, capacity 43877K, committed 44120K, reserved 1087488K
  class space    used 5462K, capacity 5641K, committed 5760K, reserved 1048576K
Event: 6.396 GC heap after
Heap after GC invocations=9 (full 3):
 PSYoungGen      total 104960K, used 7669K [0x00000000e0000000, 0x00000000eb180000, 0x0000000100000000)
  eden space 97280K, 0% used [0x00000000e0000000,0x00000000e0000000,0x00000000e5f00000)
  from space 7680K, 99% used [0x00000000e7500000,0x00000000e7c7d430,0x00000000e7c80000)
  to   space 22528K, 0% used [0x00000000e5f00000,0x00000000e5f00000,0x00000000e7500000)
 ParOldGen       total 146432K, used 33827K [0x00000000a0000000, 0x00000000a8f00000, 0x00000000e0000000)
  object space 146432K, 23% used [0x00000000a0000000,0x00000000a2108c18,0x00000000a8f00000)
 Metaspace       used 43092K, capacity 43877K, committed 44120K, reserved 1087488K
  class space    used 5462K, capacity 5641K, committed 5760K, reserved 1048576K
}
Event: 17.991 GC heap before
{Heap before GC invocations=10 (full 3):
 PSYoungGen      total 104960K, used 104949K [0x00000000e0000000, 0x00000000eb180000, 0x0000000100000000)
  eden space 97280K, 100% used [0x00000000e0000000,0x00000000e5f00000,0x00000000e5f00000)
  from space 7680K, 99% used [0x00000000e7500000,0x00000000e7c7d430,0x00000000e7c80000)
  to   space 22528K, 0% used [0x00000000e5f00000,0x00000000e5f00000,0x00000000e7500000)
 ParOldGen       total 146432K, used 33827K [0x00000000a0000000, 0x00000000a8f00000, 0x00000000e0000000)
  object space 146432K, 23% used [0x00000000a0000000,0x00000000a2108c18,0x00000000a8f00000)
 Metaspace       used 54825K, capacity 56013K, committed 56408K, reserved 1097728K
  class space    used 6914K, capacity 7219K, committed 7296K, reserved 1048576K

Deoptimization events (10 events):
Event: 8.431 Thread 0x0000000018199800 Uncommon trap: reason=bimorphic action=maybe_recompile pc=0x0000000002e02fc8 method=org.jetbrains.kotlin.protobuf.CodedOutputStream.refreshBuffer()V @ 28
Event: 8.713 Thread 0x0000000018199800 Uncommon trap: reason=unstable_if action=reinterpret pc=0x0000000003125258 method=org.jetbrains.kotlin.protobuf.GeneratedMessageLite$ExtendableMessage$ExtensionWriter.writeUntil(ILorg/jetbrains/kotlin/protobuf/CodedOutputStream;)V @ 109
Event: 17.808 Thread 0x000000001d35a800 Uncommon trap: reason=class_check action=maybe_recompile pc=0x0000000003292f2c method=java.util.regex.Matcher.match(II)Z @ 86
Event: 17.808 Thread 0x000000001d35a800 Uncommon trap: reason=class_check action=maybe_recompile pc=0x0000000003292f2c method=java.util.regex.Matcher.match(II)Z @ 86
Event: 17.808 Thread 0x000000001d35a800 Uncommon trap: reason=class_check action=maybe_recompile pc=0x0000000003292f2c method=java.util.regex.Matcher.match(II)Z @ 86
Event: 17.808 Thread 0x000000001d35a800 Uncommon trap: reason=class_check action=maybe_recompile pc=0x0000000003292f2c method=java.util.regex.Matcher.match(II)Z @ 86
Event: 17.823 Thread 0x000000001d35a800 Uncommon trap: reason=unstable_if action=reinterpret pc=0x0000000002c83a0c method=gnu.trove.TObjectHash.index(Ljava/lang/Object;)I @ 116
Event: 17.823 Thread 0x000000001d35a800 Uncommon trap: reason=unstable_if action=reinterpret pc=0x00000000034e1a00 method=gnu.trove.TObjectHash.insertionIndex(Ljava/lang/Object;)I @ 150
Event: 17.963 Thread 0x000000001d35a800 Uncommon trap: reason=unstable_if action=reinterpret pc=0x0000000002c29c2c method=kotlin.collections.ArraysKt___ArraysKt.asSequence([Ljava/lang/Object;)Lkotlin/sequences/Sequence; @ 10
Event: 17.984 Thread 0x000000001d35a800 Uncommon trap: reason=unstable_if action=reinterpret pc=0x00000000034329f0 method=java.lang.StringCoding.decode(Ljava/lang/String;[BII)[C @ 38

Classes redefined (0 events):
No events

Internal exceptions (10 events):
Event: 8.680 Thread 0x0000000018199800 Exception <a 'sun/nio/fs/WindowsException'> (0x00000000e47ae570) thrown at [D:\src\AOSP-openjdk-cygwin\jdk8u\hotspot\src\share\vm\prims\jni.cpp, line 709]
Event: 8.684 Thread 0x0000000018199800 Exception <a 'sun/nio/fs/WindowsException'> (0x00000000e47b1f10) thrown at [D:\src\AOSP-openjdk-cygwin\jdk8u\hotspot\src\share\vm\prims\jni.cpp, line 709]
Event: 8.684 Thread 0x0000000018199800 Exception <a 'java/io/FileNotFoundException'> (0x00000000e47b34d0) thrown at [D:\src\AOSP-openjdk-cygwin\jdk8u\hotspot\src\share\vm\prims\jni.cpp, line 709]
Event: 8.684 Thread 0x0000000018199800 Exception <a 'java/io/FileNotFoundException'> (0x00000000e47b4878) thrown at [D:\src\AOSP-openjdk-cygwin\jdk8u\hotspot\src\share\vm\prims\jni.cpp, line 709]
Event: 8.706 Thread 0x0000000018199800 Exception <a 'java/io/FileNotFoundException'> (0x00000000e47cfca8) thrown at [D:\src\AOSP-openjdk-cygwin\jdk8u\hotspot\src\share\vm\prims\jni.cpp, line 709]
Event: 8.706 Thread 0x0000000018199800 Exception <a 'sun/nio/fs/WindowsException'> (0x00000000e47d0f80) thrown at [D:\src\AOSP-openjdk-cygwin\jdk8u\hotspot\src\share\vm\prims\jni.cpp, line 709]
Event: 8.712 Thread 0x0000000018199800 Exception <a 'sun/nio/fs/WindowsException'> (0x00000000e47d49b0) thrown at [D:\src\AOSP-openjdk-cygwin\jdk8u\hotspot\src\share\vm\prims\jni.cpp, line 709]
Event: 8.712 Thread 0x0000000018199800 Exception <a 'java/io/FileNotFoundException'> (0x00000000e47d5fc0) thrown at [D:\src\AOSP-openjdk-cygwin\jdk8u\hotspot\src\share\vm\prims\jni.cpp, line 709]
Event: 8.712 Thread 0x0000000018199800 Exception <a 'java/io/FileNotFoundException'> (0x00000000e47d7448) thrown at [D:\src\AOSP-openjdk-cygwin\jdk8u\hotspot\src\share\vm\prims\jni.cpp, line 709]
Event: 17.758 Thread 0x000000001d359000 Exception <a 'java/lang/InterruptedException'> (0x00000000e4c202c8) thrown at [D:\src\AOSP-openjdk-cygwin\jdk8u\hotspot\src\share\vm\runtime\objectMonitor.cpp, line 1684]

Events (10 events):
Event: 17.963 Thread 0x000000001d35a800 DEOPT PACKING pc=0x0000000002c29c2c sp=0x000000001c13b930
Event: 17.963 Thread 0x000000001d35a800 DEOPT UNPACKING pc=0x000000000271557b sp=0x000000001c13b8d0 mode 2
Event: 17.984 Thread 0x000000001d35a800 Uncommon trap: trap_request=0xffffff65 fr.pc=0x00000000034329f0
Event: 17.984 Thread 0x000000001d35a800 DEOPT PACKING pc=0x00000000034329f0 sp=0x000000001c13b020
Event: 17.984 Thread 0x000000001d35a800 DEOPT UNPACKING pc=0x000000000271557b sp=0x000000001c13ace0 mode 2
Event: 17.987 Thread 0x000000001d35a800 DEOPT PACKING pc=0x0000000002a34d8c sp=0x000000001c13af60
Event: 17.987 Thread 0x000000001d35a800 DEOPT UNPACKING pc=0x00000000027175d0 sp=0x000000001c13add8 mode 0
Event: 17.988 Executing VM operation: BulkRevokeBias
Event: 17.988 Executing VM operation: BulkRevokeBias done
Event: 17.991 Executing VM operation: ParallelGCFailedAllocation


Dynamic libraries:
0x00007ff7a7370000 - 0x00007ff7a73a1000 	D:\softwares\AndroidStudio\jre\jre\bin\java.exe
0x00007ffbbe840000 - 0x00007ffbbea2d000 	C:\WINDOWS\SYSTEM32\ntdll.dll
0x00007ffbbcfd0000 - 0x00007ffbbd083000 	C:\WINDOWS\System32\KERNEL32.DLL
0x00007ffbbb480000 - 0x00007ffbbb713000 	C:\WINDOWS\System32\KERNELBASE.dll
0x00007ffbbe5f0000 - 0x00007ffbbe693000 	C:\WINDOWS\System32\ADVAPI32.dll
0x00007ffbbbb30000 - 0x00007ffbbbbce000 	C:\WINDOWS\System32\msvcrt.dll
0x00007ffbbba90000 - 0x00007ffbbbb2e000 	C:\WINDOWS\System32\sechost.dll
0x00007ffbbbc50000 - 0x00007ffbbbd72000 	C:\WINDOWS\System32\RPCRT4.dll
0x00007ffbbc100000 - 0x00007ffbbc297000 	C:\WINDOWS\System32\USER32.dll
0x00007ffbbb870000 - 0x00007ffbbb890000 	C:\WINDOWS\System32\win32u.dll
0x00007ffbbcc60000 - 0x00007ffbbcc89000 	C:\WINDOWS\System32\GDI32.dll
0x00007ffbba910000 - 0x00007ffbbaaaa000 	C:\WINDOWS\System32\gdi32full.dll
0x00007ffbbb7d0000 - 0x00007ffbbb870000 	C:\WINDOWS\System32\msvcp_win.dll
0x00007ffbbac30000 - 0x00007ffbbad2a000 	C:\WINDOWS\System32\ucrtbase.dll
0x00007ffbb1880000 - 0x00007ffbb1af9000 	C:\WINDOWS\WinSxS\amd64_microsoft.windows.common-controls_6595b64144ccf1df_6.0.17763.437_none_05b63dca071e5dd6\COMCTL32.dll
0x00007ffbbc900000 - 0x00007ffbbcc2c000 	C:\WINDOWS\System32\combase.dll
0x00007ffbbaab0000 - 0x00007ffbbab2e000 	C:\WINDOWS\System32\bcryptPrimitives.dll
0x00007ffbbcc30000 - 0x00007ffbbcc5e000 	C:\WINDOWS\System32\IMM32.DLL
0x0000000055320000 - 0x00000000553f2000 	D:\softwares\AndroidStudio\jre\jre\bin\msvcr100.dll
0x00000000554e0000 - 0x0000000055d21000 	D:\softwares\AndroidStudio\jre\jre\bin\server\jvm.dll
0x00007ffbbccf0000 - 0x00007ffbbccf8000 	C:\WINDOWS\System32\PSAPI.DLL
0x00007ffbb8900000 - 0x00007ffbb8924000 	C:\WINDOWS\SYSTEM32\WINMM.dll
0x00007ffbafb50000 - 0x00007ffbafb59000 	C:\WINDOWS\SYSTEM32\WSOCK32.dll
0x00007ffbbd090000 - 0x00007ffbbd0fd000 	C:\WINDOWS\System32\WS2_32.dll
0x00007ffbabdd0000 - 0x00007ffbabdda000 	C:\WINDOWS\SYSTEM32\VERSION.dll
0x00007ffbb88d0000 - 0x00007ffbb88fd000 	C:\WINDOWS\SYSTEM32\WINMMBASE.dll
0x00007ffbbabe0000 - 0x00007ffbbac2a000 	C:\WINDOWS\System32\cfgmgr32.dll
0x00007ffbaf620000 - 0x00007ffbaf62f000 	D:\softwares\AndroidStudio\jre\jre\bin\verify.dll
0x00007ffba1da0000 - 0x00007ffba1dc9000 	D:\softwares\AndroidStudio\jre\jre\bin\java.dll
0x00007ffba8ff0000 - 0x00007ffba9006000 	D:\softwares\AndroidStudio\jre\jre\bin\zip.dll
0x00007ffbbd100000 - 0x00007ffbbe5f0000 	C:\WINDOWS\System32\SHELL32.dll
0x00007ffbbcd70000 - 0x00007ffbbce18000 	C:\WINDOWS\System32\shcore.dll
0x00007ffbbad30000 - 0x00007ffbbb47a000 	C:\WINDOWS\System32\windows.storage.dll
0x00007ffbba860000 - 0x00007ffbba884000 	C:\WINDOWS\System32\profapi.dll
0x00007ffbba890000 - 0x00007ffbba8ed000 	C:\WINDOWS\System32\powrprof.dll
0x00007ffbbcd00000 - 0x00007ffbbcd52000 	C:\WINDOWS\System32\shlwapi.dll
0x00007ffbba8f0000 - 0x00007ffbba901000 	C:\WINDOWS\System32\kernel.appcore.dll
0x00007ffbbab30000 - 0x00007ffbbab47000 	C:\WINDOWS\System32\cryptsp.dll
0x00007ffbae860000 - 0x00007ffbae86d000 	D:\softwares\AndroidStudio\jre\jre\bin\management.dll
0x00007ffba6d50000 - 0x00007ffba6d6a000 	D:\softwares\AndroidStudio\jre\jre\bin\net.dll
0x00007ffbba060000 - 0x00007ffbba0c7000 	C:\WINDOWS\system32\mswsock.dll
0x00007ffba2030000 - 0x00007ffba2041000 	D:\softwares\AndroidStudio\jre\jre\bin\nio.dll
0x00007ffbb9c20000 - 0x00007ffbb9c53000 	C:\WINDOWS\system32\rsaenh.dll
0x00007ffbbab50000 - 0x00007ffbbab76000 	C:\WINDOWS\System32\bcrypt.dll
0x00007ffbba770000 - 0x00007ffbba798000 	C:\WINDOWS\SYSTEM32\USERENV.dll
0x00007ffbba290000 - 0x00007ffbba29c000 	C:\WINDOWS\SYSTEM32\CRYPTBASE.dll
0x00007ffbb9dc0000 - 0x00007ffbb9dfd000 	C:\WINDOWS\SYSTEM32\IPHLPAPI.DLL
0x00007ffbbe800000 - 0x00007ffbbe808000 	C:\WINDOWS\System32\NSI.dll
0x00007ffbb3960000 - 0x00007ffbb3976000 	C:\WINDOWS\SYSTEM32\dhcpcsvc6.DLL
0x00007ffbb3880000 - 0x00007ffbb389c000 	C:\WINDOWS\SYSTEM32\dhcpcsvc.DLL
0x00007ffbb9e00000 - 0x00007ffbb9ec6000 	C:\WINDOWS\SYSTEM32\DNSAPI.dll
0x00007ffbac720000 - 0x00007ffbac90d000 	C:\WINDOWS\SYSTEM32\dbghelp.dll

VM Arguments:
jvm_args: -Djava.awt.headless=true -Djava.rmi.server.hostname=127.0.0.1 -Xmx1536m -Dkotlin.environment.keepalive 
java_command: org.jetbrains.kotlin.daemon.KotlinCompileDaemon --daemon-runFilesPath C:\Users\BlueRyo\AppData\Local\kotlin\daemon --daemon-autoshutdownIdleSeconds=7200 --daemon-compilerClasspath C:\Users\BlueRyo\.gradle\caches\modules-2\files-2.1\org.jetbrains.kotlin\kotlin-compiler-embeddable\1.3.21\677cc9553b8964c895abc76da9b6a0faea8f671d\kotlin-compiler-embeddable-1.3.21.jar;C:\Users\BlueRyo\.gradle\caches\modules-2\files-2.1\org.jetbrains.kotlin\kotlin-reflect\1.3.21\d0d5ff2ac2ebd8a42697af41e20fc225a23c5d3b\kotlin-reflect-1.3.21.jar;C:\Users\BlueRyo\.gradle\caches\modules-2\files-2.1\org.jetbrains.kotlin\kotlin-stdlib\1.3.21\4bcc2012b84840e19e1e28074284cac908be0295\kotlin-stdlib-1.3.21.jar;C:\Users\BlueRyo\.gradle\caches\modules-2\files-2.1\org.jetbrains.kotlin\kotlin-script-runtime\1.3.21\29363d474ee6fda354900636320a177c7286def9\kotlin-script-runtime-1.3.21.jar;C:\Users\BlueRyo\.gradle\caches\modules-2\files-2.1\org.jetbrains.intellij.deps\trove4j\1.0.20181211\216c2e14b070f334479d800987affe4054cd563f\trove4j-1.0.20181211.jar;C:\Users\BlueRyo\.gradle\caches\modules-2\files-2.1\org.jetbrains.kotlin\kotlin-stdlib-common\1.3.21\f30e4a9897913e53d778f564110bafa1fef46643\kotlin-stdlib-common-1.3.21.jar;C:\Users\BlueRyo\.gradle\caches\modules-2\files-2.1\org.jetbrains\annotations\13.0\919f0dfe192fb4e063e7dacadee7f8bb9a2672a9\annotations-13.0.jar;D:\softwares\AndroidStudio\jre\lib\tools.jar
java_class_path (initial): C:\Users\BlueRyo\.gradle\caches\modules-2\files-2.1\org.jetbrains.kotlin\kotlin-compiler-embeddable\1.3.21\677cc9553b8964c895abc76da9b6a0faea8f671d\kotlin-compiler-embeddable-1.3.21.jar;C:\Users\BlueRyo\.gradle\caches\modules-2\files-2.1\org.jetbrains.kotlin\kotlin-reflect\1.3.21\d0d5ff2ac2ebd8a42697af41e20fc225a23c5d3b\kotlin-reflect-1.3.21.jar;C:\Users\BlueRyo\.gradle\caches\modules-2\files-2.1\org.jetbrains.kotlin\kotlin-stdlib\1.3.21\4bcc2012b84840e19e1e28074284cac908be0295\kotlin-stdlib-1.3.21.jar;C:\Users\BlueRyo\.gradle\caches\modules-2\files-2.1\org.jetbrains.kotlin\kotlin-script-runtime\1.3.21\29363d474ee6fda354900636320a177c7286def9\kotlin-script-runtime-1.3.21.jar;C:\Users\BlueRyo\.gradle\caches\modules-2\files-2.1\org.jetbrains.intellij.deps\trove4j\1.0.20181211\216c2e14b070f334479d800987affe4054cd563f\trove4j-1.0.20181211.jar;C:\Users\BlueRyo\.gradle\caches\modules-2\files-2.1\org.jetbrains.kotlin\kotlin-stdlib-common\1.3.21\f30e4a9897913e53d778f564110bafa1fef46643\kotlin-stdlib-common-1.3.21.jar;C:\Users\BlueRyo\.gradle\caches\modules-2\files-2.1\org.jetbrains\annotations\13.0\919f0dfe192fb4e063e7dacadee7f8bb9a2672a9\annotations-13.0.jar;D:\softwares\AndroidStudio\jre\lib\tools.jar
Launcher Type: SUN_STANDARD

Environment Variables:
PATH=C:\WINDOWS\system32;C:\WINDOWS;C:\WINDOWS\System32\Wbem;C:\WINDOWS\System32\WindowsPowerShell\v1.0\;C:\WINDOWS\System32\OpenSSH\;C:\Program Files\Git\cmd;D:\Anaconda3;D:\Anaconda3\Library\mingw-w64\bin;D:\Anaconda3\Library\usr\bin;D:\Anaconda3\Library\bin;D:\Anaconda3\Scripts;C:\Users\BlueRyo\AppData\Local\Microsoft\WindowsApps;
USERNAME=BlueRyo
OS=Windows_NT
PROCESSOR_IDENTIFIER=Intel64 Family 6 Model 42 Stepping 7, GenuineIntel



---------------  S Y S T E M  ---------------

OS: Windows 10.0 , 64 bit Build 17763 (10.0.17763.437)

CPU:total 4 (initial active 4) (4 cores per cpu, 1 threads per core) family 6 model 42 stepping 7, cmov, cx8, fxsr, mmx, sse, sse2, sse3, ssse3, sse4.1, sse4.2, popcnt, avx, aes, clmul, tsc, tscinvbit

Memory: 4k page, physical 12450512k(5183276k free), swap 14351056k(3376400k free)

vm_info: OpenJDK 64-Bit Server VM (25.152-b01) for windows-amd64 JRE (1.8.0_152-release-1248-b01), built by "builder" with MS VC++ 10.0 (VS2010)

time: Sun Apr 21 21:07:00 2019
elapsed time: 18 seconds (0d 0h 0m 18s)

